<?xml version="1.0" encoding="UTF-8"?>
<!-- Generated by org.testng.reporters.JUnitReportReporter -->
<testsuite skipped="0" hostname="Inspiron-3537" name="OnlinerTest" tests="1" failures="0" timestamp="08 мая 2017 19:44:17 GMT" time="26.326" errors="0">
  <testcase name="Onliner_shouldWork" time="26.326" classname="OnlinerTest"/>
</testsuite> <!-- OnlinerTest -->
